<?xml version="1.0" encoding="UTF-8"?>
<!-- Generated by org.testng.reporters.JUnitXMLReporter -->
<testsuite ignored="1" hostname="Kanchan" failures="1" tests="1" name="listners.LoginLisTest(failed)" time="0.066" errors="0" timestamp="2024-08-03T01:16:29 IST">
  <testcase classname="listners.LoginLisTest" name="loginbyFacebbok" time="0.018">
    <failure type="java.lang.AssertionError" message="expected [student@] but found [admin@]">
      <![CDATA[java.lang.AssertionError: expected [student@] but found [admin@]
at listners.LoginLisTest.loginbyFacebbok(LoginLisTest.java:18)
at java.base/java.util.ArrayList.forEach(ArrayList.java:1511)
... Removed 33 stack frames]]>
    </failure>
  </testcase> <!-- loginbyFacebbok -->
  <testcase classname="listners.LoginLisTest" name="loginbyEmail" time="0.0">
    <ignored/>
  </testcase> <!-- loginbyEmail -->
</testsuite> <!-- listners.LoginLisTest(failed) -->
