<?xml version="1.0" encoding="UTF-8"?>
<!-- Generated by org.testng.reporters.JUnitXMLReporter -->
<testsuite ignored="1" hostname="Kanchan" failures="0" tests="1" name="listners.LoginLisTest" time="0.074" errors="0" timestamp="2024-08-03T01:18:36 IST">
  <testcase classname="listners.LoginLisTest" name="loginbyFacebbok" time="0.013"/>
  <testcase classname="listners.LoginLisTest" name="loginbyEmail" time="0.0">
    <ignored/>
  </testcase> <!-- loginbyEmail -->
</testsuite> <!-- listners.LoginLisTest -->
